<?xml version="1.0" encoding="UTF-8"?>
<!-- Generated by org.testng.reporters.JUnitReportReporter -->
<testsuite hostname="Sathvik" name="org.pom.case1.CreateAc" tests="1" failures="0" timestamp="25 Apr 2022 02:23:56 GMT" time="18.922" errors="0">
  <testcase name="createAccount" time="18.922" classname="org.pom.case1.CreateAc"/>
</testsuite> <!-- org.pom.case1.CreateAc -->
