<?xml version="1.0" encoding="UTF-8"?>
<!-- Generated by org.testng.reporters.JUnitReportReporter -->
<testsuite hostname="Sathvik" name="org.pom.case1.LoginTestCase2" tests="1" failures="0" timestamp="25 Apr 2022 02:30:27 GMT" time="17.200" errors="0">
  <testcase name="login" time="17.200" classname="org.pom.case1.LoginTestCase2"/>
</testsuite> <!-- org.pom.case1.LoginTestCase2 -->
