<?xml version="1.0" encoding="UTF-8"?>
<!-- Generated by org.testng.reporters.JUnitReportReporter -->
<testsuite hostname="Sathvik" name="org.pom.case1.LoginTestCase" tests="1" failures="0" timestamp="25 Apr 2022 02:07:47 GMT" time="25.497" errors="0">
  <testcase name="login" time="25.497" classname="org.pom.case1.LoginTestCase"/>
</testsuite> <!-- org.pom.case1.LoginTestCase -->
