<?xml version="1.0" encoding="UTF-8"?>
<!-- Generated by org.testng.reporters.JUnitReportReporter -->
<testsuite hostname="Sathvik" name="org.pom.case1.LoginwithoutFindBy" tests="1" failures="0" timestamp="25 Apr 2022 02:38:41 GMT" time="15.044" errors="0">
  <testcase name="login" time="15.044" classname="org.pom.case1.LoginwithoutFindBy"/>
</testsuite> <!-- org.pom.case1.LoginwithoutFindBy -->
